<?xml version="1.0" encoding="UTF-8"?>
<testsuite xmlns:xsi="http://www.w3.org/2001/XMLSchema-instance" xsi:noNamespaceSchemaLocation="https://maven.apache.org/surefire/maven-surefire-plugin/xsd/surefire-test-report.xsd" name="MarkdownFactoryTest" time="0.75" tests="6" errors="0" skipped="0" failures="0">
  <properties>
[...]
</properties>
  <testcase name="getMarkdownStringTest" classname="MarkdownFactoryTest" time="0.662"/>
  <testcase name="checkCreatedMarkdownFile" classname="MarkdownFactoryTest" time="0"/>
  <testcase name="getFormatTest" classname="MarkdownFactoryTest" time="0.001"/>
  <testcase name="createMarkdownFileNoPathTest" classname="MarkdownFactoryTest" time="0.003"/>
  <testcase name="getMarkdownStringVerifyTest" classname="MarkdownFactoryTest" time="0.001"/>
  <testcase name="getFormatVerifyTest" classname="MarkdownFactoryTest" time="0.002"/>
</testsuite>